# JRE version: OpenJDK Runtime Environment (8.0_152-b01) (build 1.8.0_152-release-1343-b01)
# Java VM: OpenJDK 64-Bit Server VM (25.152-b01 mixed mode windows-amd64 compressed oops)
Heap:
 PSYoungGen      total 386560K, used 88732K [0x00000000e0000000, 0x00000000faa00000, 0x0000000100000000)
  eden space 336384K, 23% used [0x00000000e0000000,0x00000000e4e4ef18,0x00000000f4880000)
  from space 50176K, 17% used [0x00000000f7900000,0x00000000f81581b8,0x00000000faa00000)
  to   space 49664K, 0% used [0x00000000f4880000,0x00000000f4880000,0x00000000f7900000)
 ParOldGen       total 238080K, used 91498K [0x00000000a0000000, 0x00000000ae880000, 0x00000000e0000000)
  object space 238080K, 38% used [0x00000000a0000000,0x00000000a595a9f8,0x00000000ae880000)
 Metaspace       used 93621K, capacity 96852K, committed 97112K, reserved 1134592K
  class space    used 11792K, capacity 12381K, committed 12416K, reserved 1048576K
GC Heap History (10 events):
Event: 2919.134 GC heap before
{Heap before GC invocations=16 (full 3):
 PSYoungGen      total 276992K, used 276986K [0x00000000e0000000, 0x00000000f3100000, 0x0000000100000000)
  eden space 254976K, 100% used [0x00000000e0000000,0x00000000ef900000,0x00000000ef900000)
  from space 22016K, 99% used [0x00000000f1580000,0x00000000f2afebc8,0x00000000f2b00000)
  to   space 28672K, 0% used [0x00000000ef900000,0x00000000ef900000,0x00000000f1500000)
 ParOldGen       total 124416K, used 40457K [0x00000000a0000000, 0x00000000a7980000, 0x00000000e0000000)
  object space 124416K, 32% used [0x00000000a0000000,0x00000000a27826d0,0x00000000a7980000)
 Metaspace       used 79331K, capacity 81912K, committed 82136K, reserved 1120256K
  class space    used 10150K, capacity 10700K, committed 10752K, reserved 1048576K
Event: 2919.267 GC heap after
Heap after GC invocations=16 (full 3):
 PSYoungGen      total 283648K, used 28644K [0x00000000e0000000, 0x00000000f6b00000, 0x0000000100000000)
  eden space 254976K, 0% used [0x00000000e0000000,0x00000000e0000000,0x00000000ef900000)
  from space 28672K, 99% used [0x00000000ef900000,0x00000000f14f9180,0x00000000f1500000)
  to   space 41984K, 0% used [0x00000000f4200000,0x00000000f4200000,0x00000000f6b00000)
 ParOldGen       total 124416K, used 64857K [0x00000000a0000000, 0x00000000a7980000, 0x00000000e0000000)
  object space 124416K, 52% used [0x00000000a0000000,0x00000000a3f56780,0x00000000a7980000)
 Metaspace       used 79331K, capacity 81912K, committed 82136K, reserved 1120256K
  class space    used 10150K, capacity 10700K, committed 10752K, reserved 1048576K
}
Event: 2933.616 GC heap before
{Heap before GC invocations=17 (full 3):
 PSYoungGen      total 283648K, used 283620K [0x00000000e0000000, 0x00000000f6b00000, 0x0000000100000000)
  eden space 254976K, 100% used [0x00000000e0000000,0x00000000ef900000,0x00000000ef900000)
  from space 28672K, 99% used [0x00000000ef900000,0x00000000f14f9180,0x00000000f1500000)
  to   space 41984K, 0% used [0x00000000f4200000,0x00000000f4200000,0x00000000f6b00000)
 ParOldGen       total 124416K, used 64857K [0x00000000a0000000, 0x00000000a7980000, 0x00000000e0000000)
  object space 124416K, 52% used [0x00000000a0000000,0x00000000a3f56780,0x00000000a7980000)
 Metaspace       used 89178K, capacity 92030K, committed 92248K, reserved 1130496K
  class space    used 11230K, capacity 11783K, committed 11904K, reserved 1048576K
Event: 2933.848 GC heap after
Heap after GC invocations=17 (full 3):
 PSYoungGen      total 331776K, used 15994K [0x00000000e0000000, 0x00000000f6b80000, 0x0000000100000000)
  eden space 289792K, 0% used [0x00000000e0000000,0x00000000e0000000,0x00000000f1b00000)
  from space 41984K, 38% used [0x00000000f4200000,0x00000000f519ea68,0x00000000f6b00000)
  to   space 39936K, 0% used [0x00000000f1b00000,0x00000000f1b00000,0x00000000f4200000)
 ParOldGen       total 124416K, used 89233K [0x00000000a0000000, 0x00000000a7980000, 0x00000000e0000000)
  object space 124416K, 71% used [0x00000000a0000000,0x00000000a5724698,0x00000000a7980000)
 Metaspace       used 89178K, capacity 92030K, committed 92248K, reserved 1130496K
  class space    used 11230K, capacity 11783K, committed 11904K, reserved 1048576K
}
Event: 2942.116 GC heap before
{Heap before GC invocations=18 (full 3):
 PSYoungGen      total 331776K, used 305786K [0x00000000e0000000, 0x00000000f6b80000, 0x0000000100000000)
  eden space 289792K, 100% used [0x00000000e0000000,0x00000000f1b00000,0x00000000f1b00000)
  from space 41984K, 38% used [0x00000000f4200000,0x00000000f519ea68,0x00000000f6b00000)
  to   space 39936K, 0% used [0x00000000f1b00000,0x00000000f1b00000,0x00000000f4200000)
 ParOldGen       total 124416K, used 89233K [0x00000000a0000000, 0x00000000a7980000, 0x00000000e0000000)
  object space 124416K, 71% used [0x00000000a0000000,0x00000000a5724698,0x00000000a7980000)
 Metaspace       used 91196K, capacity 94398K, committed 94552K, reserved 1132544K
  class space    used 11451K, capacity 12035K, committed 12160K, reserved 1048576K
Event: 2942.243 GC heap after
Heap after GC invocations=18 (full 3):
 PSYoungGen      total 329728K, used 39933K [0x00000000e0000000, 0x00000000faa80000, 0x0000000100000000)
  eden space 289792K, 0% used [0x00000000e0000000,0x00000000e0000000,0x00000000f1b00000)
  from space 39936K, 99% used [0x00000000f1b00000,0x00000000f41ff700,0x00000000f4200000)
  to   space 50688K, 0% used [0x00000000f7900000,0x00000000f7900000,0x00000000faa80000)
 ParOldGen       total 124416K, used 102097K [0x00000000a0000000, 0x00000000a7980000, 0x00000000e0000000)
  object space 124416K, 82% used [0x00000000a0000000,0x00000000a63b46b8,0x00000000a7980000)
 Metaspace       used 91196K, capacity 94398K, committed 94552K, reserved 1132544K
  class space    used 11451K, capacity 12035K, committed 12160K, reserved 1048576K
}
Event: 2942.243 GC heap before
{Heap before GC invocations=19 (full 4):
 PSYoungGen      total 329728K, used 39933K [0x00000000e0000000, 0x00000000faa80000, 0x0000000100000000)
  eden space 289792K, 0% used [0x00000000e0000000,0x00000000e0000000,0x00000000f1b00000)
  from space 39936K, 99% used [0x00000000f1b00000,0x00000000f41ff700,0x00000000f4200000)
  to   space 50688K, 0% used [0x00000000f7900000,0x00000000f7900000,0x00000000faa80000)
 ParOldGen       total 124416K, used 102097K [0x00000000a0000000, 0x00000000a7980000, 0x00000000e0000000)
  object space 124416K, 82% used [0x00000000a0000000,0x00000000a63b46b8,0x00000000a7980000)
 Metaspace       used 91196K, capacity 94398K, committed 94552K, reserved 1132544K
  class space    used 11451K, capacity 12035K, committed 12160K, reserved 1048576K
Event: 2943.885 GC heap after
Heap after GC invocations=19 (full 4):
 PSYoungGen      total 329728K, used 0K [0x00000000e0000000, 0x00000000faa80000, 0x0000000100000000)
  eden space 289792K, 0% used [0x00000000e0000000,0x00000000e0000000,0x00000000f1b00000)
  from space 39936K, 0% used [0x00000000f1b00000,0x00000000f1b00000,0x00000000f4200000)
  to   space 50688K, 0% used [0x00000000f7900000,0x00000000f7900000,0x00000000faa80000)
 ParOldGen       total 238080K, used 91490K [0x00000000a0000000, 0x00000000ae880000, 0x00000000e0000000)
  object space 238080K, 38% used [0x00000000a0000000,0x00000000a59589f8,0x00000000ae880000)
 Metaspace       used 90432K, capacity 93088K, committed 94552K, reserved 1132544K
  class space    used 11321K, capacity 11795K, committed 12160K, reserved 1048576K
}
Event: 2954.812 GC heap before
{Heap before GC invocations=20 (full 4):
 PSYoungGen      total 329728K, used 286031K [0x00000000e0000000, 0x00000000faa80000, 0x0000000100000000)
  eden space 289792K, 98% used [0x00000000e0000000,0x00000000f1753c60,0x00000000f1b00000)
  from space 39936K, 0% used [0x00000000f1b00000,0x00000000f1b00000,0x00000000f4200000)
  to   space 50688K, 0% used [0x00000000f7900000,0x00000000f7900000,0x00000000faa80000)
 ParOldGen       total 238080K, used 91490K [0x00000000a0000000, 0x00000000ae880000, 0x00000000e0000000)
  object space 238080K, 38% used [0x00000000a0000000,0x00000000a59589f8,0x00000000ae880000)
 Metaspace       used 92464K, capacity 95414K, committed 96216K, reserved 1132544K
  class space    used 11601K, capacity 12142K, committed 12288K, reserved 1048576K
Event: 2954.835 GC heap after
Heap after GC invocations=20 (full 4):
 PSYoungGen      total 386560K, used 8544K [0x00000000e0000000, 0x00000000faa00000, 0x0000000100000000)
  eden space 336384K, 0% used [0x00000000e0000000,0x00000000e0000000,0x00000000f4880000)
  from space 50176K, 17% used [0x00000000f7900000,0x00000000f81581b8,0x00000000faa00000)
  to   space 49664K, 0% used [0x00000000f4880000,0x00000000f4880000,0x00000000f7900000)
 ParOldGen       total 238080K, used 91498K [0x00000000a0000000, 0x00000000ae880000, 0x00000000e0000000)
  object space 238080K, 38% used [0x00000000a0000000,0x00000000a595a9f8,0x00000000ae880000)
 Metaspace       used 92464K, capacity 95414K, committed 96216K, reserved 1132544K
  class space    used 11601K, capacity 12142K, committed 12288K, reserved 1048576K
}

